
 *******************************************************************************

         NASA-GLENN CHEMICAL EQUILIBRIUM PROGRAM CEA2, MAY 21, 2004
                   BY  BONNIE MCBRIDE AND SANFORD GORDON
      REFS: NASA RP-1311, PART I, 1994 AND NASA RP-1311, PART II, 1996

 *******************************************************************************



 problem
       rocket  equilibrium
   p,bar=120
   sup,ae/at=40
 react
   oxid=NH4CLO4(I) wt=80  t,k=300
 end

 OPTIONS: TP=F  HP=F  SP=F  TV=F  UV=F  SV=F  DETN=F  SHOCK=F  REFL=F  INCD=F
 RKT=T  FROZ=F  EQL=T  IONS=F  SIUNIT=T  DEBUGF=F  SHKDBG=F  DETDBG=F  TRNSPT=F

 TRACE= 0.00E+00  S/R= 0.000000E+00  H/R= 0.000000E+00  U/R= 0.000000E+00

 Pc,BAR =   120.000000

 Pc/P =

 SUBSONIC AREA RATIOS =

 SUPERSONIC AREA RATIOS =    40.0000

 NFZ=  1  Mdot/Ac= 0.000000E+00  Ac/At= 0.000000E+00

    REACTANT          WT.FRAC   (ENERGY/R),K   TEMP,K  DENSITY
        EXPLODED FORMULA
  : NH4CLO4(I)       1.000000  -0.355439E+05   300.00  0.0000
          N  1.00000  H  4.00000  CL 1.00000  O  4.00000

  SPECIES BEING CONSIDERED IN THIS SYSTEM
 (CONDENSED PHASE MAY HAVE NAME LISTED SEVERAL TIMES)
  LAST thermo.inp UPDATE:    9/09/04

  g 7/97  *CL              tpis89  CLO              g 7/93  CLO2           
  tpis89  CL2              tpis89  CL2O             g 6/97  *H             
  tpis89  HCL              g10/01  HNO              tpis89  HNO2           
  g 5/99  HNO3             g 1/01  HOCL             g 4/02  HO2            
  tpis78  *H2              g 8/89  H2O              g 6/99  H2O2           
  g 5/97  *N               g 4/99  *NH              g 3/01  NH2            
  tpis89  NH3              tpis89  NH2OH            tpis89  *NO            
  g 4/99  NOCL             g 4/99  NO2              g 4/99  NO2CL          
  j12/64  NO3              tpis78  *N2              g 5/99  N2H2           
  tpis89  NH2NO2           g 4/99  N2H4             g 4/99  N2O            
  g 4/99  N2O3             tpis89  N2O4             g 4/99  N2O5           
  tpis89  N3               g 4/99  N3H              g 5/97  *O             
  g 4/02  *OH              tpis89  *O2              g 8/01  O3             
  g11/99  H2O(cr)          g 8/01  H2O(L)           g 8/01  H2O(L)         
  j 9/65  NH4CL(II)        j 9/65  NH4CL(III)       j 9/65  NH4CL(III)     

 O/F =   0.000000

                       EFFECTIVE FUEL     EFFECTIVE OXIDANT        MIXTURE
 ENTHALPY                  h(2)/R              h(1)/R               h0/R
 (KG-MOL)(K)/KG       -0.30252904E+03     -0.24202323E+05     -0.30252904E+03

 KG-FORM.WT./KG             bi(2)               bi(1)               b0i
  *N                   0.85114308E-02      0.68091446E+00      0.85114308E-02
  *H                   0.34045723E-01      0.27236578E+01      0.34045723E-01
  *CL                  0.85114308E-02      0.68091446E+00      0.85114308E-02
  *O                   0.34045723E-01      0.27236578E+01      0.34045723E-01

 POINT ITN      T            N           H           CL          O 

   1   13    1411.584     -11.585     -15.403     -14.557     -12.027

 Pinf/Pt = 1.805468
   2    4    1253.842     -11.704     -16.713     -14.541     -12.141

 Pinf/Pt = 1.808522
   2    2    1253.416     -11.704     -16.717     -14.541     -12.142

   3    7     388.252     -13.437     -43.092     -15.347     -13.904

   3    2     387.990     -13.439     -43.118     -15.349     -13.905






              THEORETICAL ROCKET PERFORMANCE ASSUMING EQUILIBRIUM

           COMPOSITION DURING EXPANSION FROM INFINITE AREA COMBUSTOR

 Pin =  1740.5 PSIA
 CASE =                

             REACTANT                    WT FRACTION      ENERGY      TEMP
                                          (SEE NOTE)     KJ/KG-MOL      K  
             NH4CLO4(I)                   1.0000000   -295529.716    300.000

 O/F=    0.00000  %FUEL=100.000000  R,EQ.RATIO= 0.444444  PHI,EQ.RATIO= 0.000000

                 CHAMBER   THROAT     EXIT
 Pinf/P            1.0000   1.8085   618.64
 P, BAR            120.00   66.353  0.19397
 T, K             1411.58  1253.42   387.99
 RHO, KG/CU M    2.8599 1 1.7858 1 1.7645-1
 H, KJ/KG        -2515.38 -2749.51 -4014.18
 U, KJ/KG        -2934.98 -3121.06 -4124.11
 G, KJ/KG        -13572.0 -12567.2 -7053.22
 S, KJ/(KG)(K)     7.8328   7.8328   7.8328

 M, (1/n)          27.971   28.049   29.346
 (dLV/dLP)t      -1.00386 -1.00424 -1.00022
 (dLV/dLT)p        1.0390   1.0482   1.0080
 Cp, KJ/(KG)(K)    1.5469   1.5452   1.1924
 GAMMAs            1.2556   1.2603   1.3179
 SON VEL,M/SEC      725.9    684.3    380.6
 MACH NUMBER        0.000    1.000    4.549

 PERFORMANCE PARAMETERS

 Ae/At                      1.0000   40.000
 CSTAR, M/SEC                982.0    982.0
 CF                         0.6968   1.7631
 Ivac, M/SEC                1227.3   1794.9
 Isp, M/SEC                  684.3   1731.4


 MOLE FRACTIONS

 *CL              0.00043  0.00017  0.00000
 CLO              0.00007  0.00002  0.00000
 CL2              0.02342  0.02907  0.12308
 HCL              0.19036  0.18018  0.00362
 HOCL             0.00036  0.00022  0.00000
 H2O              0.38078  0.38726  0.49774
 *NO              0.00035  0.00013  0.00000
 NOCL             0.00001  0.00001  0.00000
 NO2              0.00003  0.00002  0.00000
 *N2              0.11884  0.11929  0.12489
 *OH              0.00003  0.00001  0.00000
 *O2              0.28532  0.28363  0.25068

  * THERMODYNAMIC PROPERTIES FITTED TO 20000.K

    PRODUCTS WHICH WERE CONSIDERED BUT WHOSE MOLE FRACTIONS
    WERE LESS THAN 5.000000E-06 FOR ALL ASSIGNED CONDITIONS

 CLO2            CL2O            *H              HNO             HNO2           
 HNO3            HO2             *H2             H2O2            *N             
 *NH             NH2             NH3             NH2OH           NO2CL          
 NO3             N2H2            NH2NO2          N2H4            N2O            
 N2O3            N2O4            N2O5            N3              N3H            
 *O              O3              H2O(cr)         H2O(L)          NH4CL(II)      
 NH4CL(III)     

 NOTE. WEIGHT FRACTION OF FUEL IN TOTAL FUELS AND OF OXIDANT IN TOTAL OXIDANTS



