
 *******************************************************************************

         NASA-GLENN CHEMICAL EQUILIBRIUM PROGRAM CEA2, MAY 21, 2004
                   BY  BONNIE MCBRIDE AND SANFORD GORDON
      REFS: NASA RP-1311, PART I, 1994 AND NASA RP-1311, PART II, 1996

 *******************************************************************************



 problem
     rocket  equilibrium  frozen  nfz=1
   p,bar=50,
   pi/p=50,
 react
   oxid=N2O wt=5
   fuel=Wax  wt=1  t,k=298
     h,kj/mol=457  C 20 H 42
 output
      siunits
     plot p t gam son mw m
 end

 OPTIONS: TP=F  HP=F  SP=F  TV=F  UV=F  SV=F  DETN=F  SHOCK=F  REFL=F  INCD=F
 RKT=T  FROZ=T  EQL=T  IONS=F  SIUNIT=T  DEBUGF=F  SHKDBG=F  DETDBG=F  TRNSPT=F

 TRACE= 0.00E+00  S/R= 0.000000E+00  H/R= 0.000000E+00  U/R= 0.000000E+00

 Pc,BAR =    50.000000

 Pc/P =    50.0000

 SUBSONIC AREA RATIOS =

 SUPERSONIC AREA RATIOS =

 NFZ=  1  Mdot/Ac= 0.000000E+00  Ac/At= 0.000000E+00

    REACTANT          WT.FRAC   (ENERGY/R),K   TEMP,K  DENSITY
        EXPLODED FORMULA
 O: N2O              1.000000   0.000000E+00     0.00  0.0000
          N  2.00000  O  1.00000
 F: Wax              1.000000   0.549642E+05   298.00  0.0000
          C 20.00000  H 42.00000

  SPECIES BEING CONSIDERED IN THIS SYSTEM
 (CONDENSED PHASE MAY HAVE NAME LISTED SEVERAL TIMES)
  LAST thermo.inp UPDATE:    9/09/04

  g 7/97  *C               tpis79  *CH              g 4/02  CH2            
  g 4/02  CH3              g11/00  CH2OH            g 7/00  CH3O           
  g 8/99  CH4              g 7/00  CH3OH            srd 01  CH3OOH         
  g 8/99  *CN              g12/99  CNN              tpis79  *CO            
  g 9/99  *CO2             tpis91  COOH             tpis91  *C2            
  g 6/01  C2H              g 1/91  C2H2,acetylene   g 5/01  C2H2,vinylidene
  g 4/02  CH2CO,ketene     g 3/02  O(CH)2O          srd 01  HO(CO)2OH      
  g 7/01  C2H3,vinyl       g 9/00  CH3CN            g 6/96  CH3CO,acetyl   
  g 1/00  C2H4             g 8/88  C2H4O,ethylen-o  g 8/88  CH3CHO,ethanal 
  g 6/00  CH3COOH          srd 01  OHCH2COOH        g 7/00  C2H5           
  g 7/00  C2H6             g 8/88  CH3N2CH3         g 8/88  C2H5OH         
  g 7/00  CH3OCH3          srd 01  CH3O2CH3         g 7/00  CCN            
  tpis91  CNC              srd 01  OCCN             tpis79  C2N2           
  g 8/00  C2O              tpis79  *C3              n 4/98  C3H3,1-propynl 
  n 4/98  C3H3,2-propynl   g 2/00  C3H4,allene      g 1/00  C3H4,propyne   
  g 5/90  C3H4,cyclo-      g 3/01  C3H5,allyl       g 2/00  C3H6,propylene 
  g 1/00  C3H6,cyclo-      g 6/01  C3H6O,propylox   g 6/97  C3H6O,acetone  
  g 1/02  C3H6O,propanal   g 7/01  C3H7,n-propyl    g 9/85  C3H7,i-propyl  
  g 2/00  C3H8             g 2/00  C3H8O,1propanol  g 2/00  C3H8O,2propanol
  srd 01  CNCOCN           g 7/88  C3O2             g tpis  *C4            
  g 7/01  C4H2,butadiyne   g 8/00  C4H4,1,3-cyclo-  n10/92  C4H6,butadiene 
  n10/93  C4H6,1butyne     n10/93  C4H6,2butyne     g 8/00  C4H6,cyclo-    
  n 4/88  C4H8,1-butene    n 4/88  C4H8,cis2-buten  n 4/88  C4H8,tr2-butene
  n 4/88  C4H8,isobutene   g 8/00  C4H8,cyclo-      g10/00  (CH3COOH)2     
  n10/84  C4H9,n-butyl     n10/84  C4H9,i-butyl     g 1/93  C4H9,s-butyl   
  g 1/93  C4H9,t-butyl     g12/00  C4H10,n-butane   g 8/00  C4H10,isobutane
  g 6/01  C4N2             g 8/00  *C5              g 5/90  C5H6,1,3cyclo- 
  g 1/93  C5H8,cyclo-      n 4/87  C5H10,1-pentene  g 2/01  C5H10,cyclo-   
  n10/84  C5H11,pentyl     g 1/93  C5H11,t-pentyl   n10/85  C5H12,n-pentane
  n10/85  C5H12,i-pentane  n10/85  CH3C(CH3)2CH3    g 2/93  C6H2           
  g11/00  C6H5,phenyl      g 8/00  C6H5O,phenoxy    g 8/00  C6H6           
  g 8/00  C6H5OH,phenol    g 1/93  C6H10,cyclo-     n 4/87  C6H12,1-hexene 
  g 6/90  C6H12,cyclo-     n10/83  C6H13,n-hexyl    g 6/01  C6H14,n-hexane 
  g 7/01  C7H7,benzyl      g 1/93  C7H8             g12/00  C7H8O,cresol-mx
  n 4/87  C7H14,1-heptene  n10/83  C7H15,n-heptyl   n10/85  C7H16,n-heptane
  n10/85  C7H16,2-methylh  n 4/89  C8H8,styrene     n10/86  C8H10,ethylbenz
  n 4/87  C8H16,1-octene   n10/83  C8H17,n-octyl    n 4/85  C8H18,n-octane 
  n 4/85  C8H18,isooctane  n10/83  C9H19,n-nonyl    g 3/01  C10H8,naphthale
  n10/83  C10H21,n-decyl   g 8/00  C12H9,o-bipheny  g 8/00  C12H10,biphenyl
  g 6/97  *H               g 6/01  HCN              g 1/01  HCO            
  tpis89  HCCN             g 6/01  HCCO             g 6/01  HNC            
  g 7/00  HNCO             g10/01  HNO              tpis89  HNO2           
  g 5/99  HNO3             g 4/02  HO2              tpis78  *H2            
  g 5/01  HCHO,formaldehy  g 6/01  HCOOH            g 8/89  H2O            
  g 6/99  H2O2             g 6/01  (HCOOH)2         g 5/97  *N             
  g 6/01  NCO              g 4/99  *NH              g 3/01  NH2            
  tpis89  NH3              tpis89  NH2OH            tpis89  *NO            
  g 4/99  NO2              j12/64  NO3              tpis78  *N2            
  g 6/01  NCN              g 5/99  N2H2             tpis89  NH2NO2         
  g 4/99  N2H4             g 4/99  N2O              g 4/99  N2O3           
  tpis89  N2O4             g 4/99  N2O5             tpis89  N3             
  g 4/99  N3H              g 5/97  *O               g 4/02  *OH            
  tpis89  *O2              g 8/01  O3               n 4/83  C(gr)          
  n 4/83  C(gr)            n 4/83  C(gr)            g11/99  H2O(cr)        
  g 8/01  H2O(L)           g 8/01  H2O(L)         

 O/F =   5.000000

                       EFFECTIVE FUEL     EFFECTIVE OXIDANT        MIXTURE
 ENTHALPY                  h(2)/R              h(1)/R               h0/R
 (KG-MOL)(K)/KG        0.19453068E+03      0.00000000E+00      0.32421780E+02

 KG-FORM.WT./KG             bi(2)               bi(1)               b0i
  *N                   0.00000000E+00      0.45441326E-01      0.37867772E-01
  *O                   0.00000000E+00      0.22720663E-01      0.18933886E-01
  *C                   0.70784563E-01      0.00000000E+00      0.11797427E-01
  *H                   0.14864758E+00      0.00000000E+00      0.24774597E-01

 POINT ITN      T            N           O           C           H 

   1   19    2467.727     -12.291     -20.213     -11.131      -9.061

 Pinf/Pt = 1.804829
   2    3    2186.506     -12.374     -21.613     -10.598      -9.143

 Pinf/Pt = 1.810483
   2    2    2185.085     -12.374     -21.621     -10.595      -9.144

   3    6    1073.079     -12.935     -35.419      -4.416      -9.635






              THEORETICAL ROCKET PERFORMANCE ASSUMING EQUILIBRIUM

           COMPOSITION DURING EXPANSION FROM INFINITE AREA COMBUSTOR

 Pin =   725.2 PSIA
 CASE =                

             REACTANT                    WT FRACTION      ENERGY      TEMP
                                          (SEE NOTE)     KJ/KG-MOL      K  
 OXIDANT     N2O                          1.0000000         0.000      0.000
 FUEL        Wax                          1.0000000    457000.000    298.000

 O/F=    5.00000  %FUEL= 16.666667  R,EQ.RATIO= 1.900410  PHI,EQ.RATIO= 1.900410

                 CHAMBER   THROAT     EXIT
 Pinf/P            1.0000   1.8105   50.000
 P, BAR            50.000   27.617   1.0000
 T, K             2467.73  2185.09  1073.08
 RHO, KG/CU M    5.6477 0 3.5247 0 2.6000-1
 H, KJ/KG          269.57  -225.26 -2088.89
 U, KJ/KG         -615.75 -1008.79 -2473.50
 G, KJ/KG        -24702.6 -22337.2 -12947.9
 S, KJ/(KG)(K)    10.1195  10.1195  10.1195

 M, (1/n)          23.176   23.187   23.198
 (dLV/dLP)t      -1.00040 -1.00014 -1.00049
 (dLV/dLT)p        1.0086   1.0029   1.0067
 Cp, KJ/(KG)(K)    1.7949   1.7304   1.7041
 GAMMAs            1.2546   1.2631   1.2701
 SON VEL,M/SEC     1053.9    994.8    698.9
 MACH NUMBER        0.000    1.000    3.107

 PERFORMANCE PARAMETERS

 Ae/At                      1.0000   6.2094
 CSTAR, M/SEC               1426.0   1426.0
 CF                         0.6976   1.5231
 Ivac, M/SEC                1782.4   2348.9
 Isp, M/SEC                  994.8   2171.8


 MOLE FRACTIONS

 CH4              0.00000  0.00000  0.00012
 *CO              0.23993  0.23675  0.19043
 *CO2             0.03347  0.03679  0.08313
 *H               0.00121  0.00039  0.00000
 HCN              0.00001  0.00000  0.00000
 *H2              0.15465  0.15834  0.20455
 H2O              0.13168  0.12864  0.08254
 NH3              0.00002  0.00002  0.00002
 *NO              0.00002  0.00000  0.00000
 *N2              0.43878  0.43901  0.43921
 *OH              0.00023  0.00005  0.00000

  * THERMODYNAMIC PROPERTIES FITTED TO 20000.K

    PRODUCTS WHICH WERE CONSIDERED BUT WHOSE MOLE FRACTIONS
    WERE LESS THAN 5.000000E-06 FOR ALL ASSIGNED CONDITIONS

 *C              *CH             CH2             CH3             CH2OH          
 CH3O            CH3OH           CH3OOH          *CN             CNN            
 COOH            *C2             C2H             C2H2,acetylene  C2H2,vinylidene
 CH2CO,ketene    O(CH)2O         HO(CO)2OH       C2H3,vinyl      CH3CN          
 CH3CO,acetyl    C2H4            C2H4O,ethylen-o CH3CHO,ethanal  CH3COOH        
 OHCH2COOH       C2H5            C2H6            CH3N2CH3        C2H5OH         
 CH3OCH3         CH3O2CH3        CCN             CNC             OCCN           
 C2N2            C2O             *C3             C3H3,1-propynl  C3H3,2-propynl 
 C3H4,allene     C3H4,propyne    C3H4,cyclo-     C3H5,allyl      C3H6,propylene 
 C3H6,cyclo-     C3H6O,propylox  C3H6O,acetone   C3H6O,propanal  C3H7,n-propyl  
 C3H7,i-propyl   C3H8            C3H8O,1propanol C3H8O,2propanol CNCOCN         
 C3O2            *C4             C4H2,butadiyne  C4H4,1,3-cyclo- C4H6,butadiene 
 C4H6,1butyne    C4H6,2butyne    C4H6,cyclo-     C4H8,1-butene   C4H8,cis2-buten
 C4H8,tr2-butene C4H8,isobutene  C4H8,cyclo-     (CH3COOH)2      C4H9,n-butyl   
 C4H9,i-butyl    C4H9,s-butyl    C4H9,t-butyl    C4H10,n-butane  C4H10,isobutane
 C4N2            *C5             C5H6,1,3cyclo-  C5H8,cyclo-     C5H10,1-pentene
 C5H10,cyclo-    C5H11,pentyl    C5H11,t-pentyl  C5H12,n-pentane C5H12,i-pentane
 CH3C(CH3)2CH3   C6H2            C6H5,phenyl     C6H5O,phenoxy   C6H6           
 C6H5OH,phenol   C6H10,cyclo-    C6H12,1-hexene  C6H12,cyclo-    C6H13,n-hexyl  
 C6H14,n-hexane  C7H7,benzyl     C7H8            C7H8O,cresol-mx C7H14,1-heptene
 C7H15,n-heptyl  C7H16,n-heptane C7H16,2-methylh C8H8,styrene    C8H10,ethylbenz
 C8H16,1-octene  C8H17,n-octyl   C8H18,n-octane  C8H18,isooctane C9H19,n-nonyl  
 C10H8,naphthale C10H21,n-decyl  C12H9,o-bipheny C12H10,biphenyl HCO            
 HCCN            HCCO            HNC             HNCO            HNO            
 HNO2            HNO3            HO2             HCHO,formaldehy HCOOH          
 H2O2            (HCOOH)2        *N              NCO             *NH            
 NH2             NH2OH           NO2             NO3             NCN            
 N2H2            NH2NO2          N2H4            N2O             N2O3           
 N2O4            N2O5            N3              N3H             *O             
 *O2             O3              C(gr)           H2O(cr)         H2O(L)         

 NOTE. WEIGHT FRACTION OF FUEL IN TOTAL FUELS AND OF OXIDANT IN TOTAL OXIDANTS





           THEORETICAL ROCKET PERFORMANCE ASSUMING FROZEN COMPOSITION

 Pin =   725.2 PSIA
 CASE =                

             REACTANT                    WT FRACTION      ENERGY      TEMP
                                          (SEE NOTE)     KJ/KG-MOL      K  
 OXIDANT     N2O                          1.0000000         0.000      0.000
 FUEL        Wax                          1.0000000    457000.000    298.000

 O/F=    5.00000  %FUEL= 16.666667  R,EQ.RATIO= 1.900410  PHI,EQ.RATIO= 1.900410

                 CHAMBER   THROAT     EXIT
 Pinf/P            1.0000   1.8146   50.000
 P, BAR            50.000   27.554   1.0000
 T, K             2467.73  2176.10  1030.45
 RHO, KG/CU M    5.6477 0 3.5294 0 2.7050-1
 H, KJ/KG          269.57  -226.23 -2063.75
 U, KJ/KG         -615.75 -1006.93 -2433.44
 G, KJ/KG        -24702.6 -22247.3 -12491.4
 S, KJ/(KG)(K)    10.1195  10.1195  10.1195

 M, (1/n)          23.176   23.176   23.176
 Cp, KJ/(KG)(K)    1.7126   1.6866   1.4871
 GAMMAs            1.2650   1.2702   1.3180
 SON VEL,M/SEC     1058.3    995.8    698.0
 MACH NUMBER        0.000    1.000    3.095

 PERFORMANCE PARAMETERS

 Ae/At                      1.0000   6.0145
 CSTAR, M/SEC               1422.7   1422.7
 CF                         0.6999   1.5184
 Ivac, M/SEC                1779.8   2331.4
 Isp, M/SEC                  995.8   2160.2

 MOLE FRACTIONS

 *CO             0.23993   *CO2            0.03347   *H              0.00121
 HCN             0.00001   *H2             0.15465   H2O             0.13168
 NH3             0.00002   *NO             0.00002   *N2             0.43878
 *OH             0.00023

  * THERMODYNAMIC PROPERTIES FITTED TO 20000.K

    PRODUCTS WHICH WERE CONSIDERED BUT WHOSE MOLE FRACTIONS
    WERE LESS THAN 5.000000E-06 FOR ALL ASSIGNED CONDITIONS

 *C              *CH             CH2             CH3             CH2OH          
 CH3O            CH3OH           CH3OOH          *CN             CNN            
 COOH            *C2             C2H             C2H2,acetylene  C2H2,vinylidene
 CH2CO,ketene    O(CH)2O         HO(CO)2OH       C2H3,vinyl      CH3CN          
 CH3CO,acetyl    C2H4            C2H4O,ethylen-o CH3CHO,ethanal  CH3COOH        
 OHCH2COOH       C2H5            C2H6            CH3N2CH3        C2H5OH         
 CH3OCH3         CH3O2CH3        CCN             CNC             OCCN           
 C2N2            C2O             *C3             C3H3,1-propynl  C3H3,2-propynl 
 C3H4,allene     C3H4,propyne    C3H4,cyclo-     C3H5,allyl      C3H6,propylene 
 C3H6,cyclo-     C3H6O,propylox  C3H6O,acetone   C3H6O,propanal  C3H7,n-propyl  
 C3H7,i-propyl   C3H8            C3H8O,1propanol C3H8O,2propanol CNCOCN         
 C3O2            *C4             C4H2,butadiyne  C4H4,1,3-cyclo- C4H6,butadiene 
 C4H6,1butyne    C4H6,2butyne    C4H6,cyclo-     C4H8,1-butene   C4H8,cis2-buten
 C4H8,tr2-butene C4H8,isobutene  C4H8,cyclo-     (CH3COOH)2      C4H9,n-butyl   
 C4H9,i-butyl    C4H9,s-butyl    C4H9,t-butyl    C4H10,n-butane  C4H10,isobutane
 C4N2            *C5             C5H6,1,3cyclo-  C5H8,cyclo-     C5H10,1-pentene
 C5H10,cyclo-    C5H11,pentyl    C5H11,t-pentyl  C5H12,n-pentane C5H12,i-pentane
 CH3C(CH3)2CH3   C6H2            C6H5,phenyl     C6H5O,phenoxy   C6H6           
 C6H5OH,phenol   C6H10,cyclo-    C6H12,1-hexene  C6H12,cyclo-    C6H13,n-hexyl  
 C6H14,n-hexane  C7H7,benzyl     C7H8            C7H8O,cresol-mx C7H14,1-heptene
 C7H15,n-heptyl  C7H16,n-heptane C7H16,2-methylh C8H8,styrene    C8H10,ethylbenz
 C8H16,1-octene  C8H17,n-octyl   C8H18,n-octane  C8H18,isooctane C9H19,n-nonyl  
 C10H8,naphthale C10H21,n-decyl  C12H9,o-bipheny C12H10,biphenyl HCO            
 HCCN            HCCO            HNC             HNCO            HNO            
 HNO2            HNO3            HO2             HCHO,formaldehy HCOOH          
 H2O2            (HCOOH)2        *N              NCO             *NH            
 NH2             NH2OH           NO2             NO3             NCN            
 N2H2            NH2NO2          N2H4            N2O             N2O3           
 N2O4            N2O5            N3              N3H             *O             
 *O2             O3              C(gr)           H2O(cr)         H2O(L)         

 NOTE. WEIGHT FRACTION OF FUEL IN TOTAL FUELS AND OF OXIDANT IN TOTAL OXIDANTS



