
 *******************************************************************************

         NASA-GLENN CHEMICAL EQUILIBRIUM PROGRAM CEA2, MAY 21, 2004
                   BY  BONNIE MCBRIDE AND SANFORD GORDON
      REFS: NASA RP-1311, PART I, 1994 AND NASA RP-1311, PART II, 1996

 *******************************************************************************



 problem
     rocket  frozen  nfz=1
   p,bar=100,
   pi/p=100,
 react
   oxid=HNF  wt=1  t,k=300
     h,kj/mol=-95  N 5 H 5 C 1 O 6
   fuel=HTPB  wt=0  t,k=300
     h,kj/mol=-51.9  C 10 H 15.4 O 0.07
 end

 OPTIONS: TP=F  HP=F  SP=F  TV=F  UV=F  SV=F  DETN=F  SHOCK=F  REFL=F  INCD=F
 RKT=T  FROZ=T  EQL=F  IONS=F  SIUNIT=T  DEBUGF=F  SHKDBG=F  DETDBG=F  TRNSPT=F

 TRACE= 0.00E+00  S/R= 0.000000E+00  H/R= 0.000000E+00  U/R= 0.000000E+00

 Pc,BAR =   100.000000

 Pc/P =   100.0000

 SUBSONIC AREA RATIOS =

 SUPERSONIC AREA RATIOS =

 NFZ=  1  Mdot/Ac= 0.000000E+00  Ac/At= 0.000000E+00

    REACTANT          WT.FRAC   (ENERGY/R),K   TEMP,K  DENSITY
        EXPLODED FORMULA
 O: HNF              1.000000  -0.114258E+05   300.00  0.0000
          N  5.00000  H  5.00000  C  1.00000  O  6.00000
 F: HTPB             0.000000  -0.624210E+04   300.00  0.0000
          C 10.00000  H 15.40000  O  0.07000

 REACTANT AMOUNT MISSING (INPUT)

 FATAL ERROR IN DATASET (INPUT)



