
 *******************************************************************************

         NASA-GLENN CHEMICAL EQUILIBRIUM PROGRAM CEA2, MAY 21, 2004
                   BY  BONNIE MCBRIDE AND SANFORD GORDON
      REFS: NASA RP-1311, PART I, 1994 AND NASA RP-1311, PART II, 1996

 *******************************************************************************



 problem
     rocket  equilibrium  frozen  nfz=1
   p,bar=50,
   pi/p=50,
 react
   fuel=AL(cr) wt=15  t,k=298
   fuel=Sorbitol  wt=32  t,k=298
     h,kj/mol=-1353  C 6 H 14 O 6
   oxid=KNO3  wt=53  t,k=298
     h,kj/mol=-494.6  K 1 N 1 O 3
 output  massf
 end

 OPTIONS: TP=F  HP=F  SP=F  TV=F  UV=F  SV=F  DETN=F  SHOCK=F  REFL=F  INCD=F
 RKT=T  FROZ=T  EQL=T  IONS=F  SIUNIT=T  DEBUGF=F  SHKDBG=F  DETDBG=F  TRNSPT=F

 TRACE= 0.00E+00  S/R= 0.000000E+00  H/R= 0.000000E+00  U/R= 0.000000E+00

 Pc,BAR =    50.000000

 Pc/P =    50.0000

 SUBSONIC AREA RATIOS =

 SUPERSONIC AREA RATIOS =

 NFZ=  1  Mdot/Ac= 0.000000E+00  Ac/At= 0.000000E+00

    REACTANT          WT.FRAC   (ENERGY/R),K   TEMP,K  DENSITY
        EXPLODED FORMULA
 F: AL(cr)           0.319149  -0.436556E+00   298.00  0.0000
          AL 1.00000
 F: Sorbitol         0.680851  -0.162728E+06   298.00  0.0000
          C  6.00000  H 14.00000  O  6.00000
 O: KNO3             1.000000  -0.594864E+05   298.00  0.0000
          K  1.00000  N  1.00000  O  3.00000

  SPECIES BEING CONSIDERED IN THIS SYSTEM
 (CONDENSED PHASE MAY HAVE NAME LISTED SEVERAL TIMES)
  LAST thermo.inp UPDATE:    9/09/04

  g12/97  *AL              tpis96  ALC              tpis96  ALC2           
  tpis96  ALH              tpis96  ALH2             tpis96  ALH3           
  tpis96  ALN              tpis96  *ALO             tpis96  ALOH           
  tpis96  ALO2             tpis96  AL(OH)2          tpis96  AL(OH)3        
  tpis96  AL2              tpis96  AL2C2            tpis96  AL2O           
  tpis96  AL2O2            tpis96  AL2O3            g 7/97  *C             
  tpis79  *CH              g 4/02  CH2              g 4/02  CH3            
  g11/00  CH2OH            g 7/00  CH3O             g 8/99  CH4            
  g 7/00  CH3OH            srd 01  CH3OOH           g 8/99  *CN            
  g12/99  CNN              tpis79  *CO              g 9/99  *CO2           
  tpis91  COOH             tpis91  *C2              g 6/01  C2H            
  g 1/91  C2H2,acetylene   g 5/01  C2H2,vinylidene  g 4/02  CH2CO,ketene   
  g 3/02  O(CH)2O          srd 01  HO(CO)2OH        g 7/01  C2H3,vinyl     
  g 9/00  CH3CN            g 6/96  CH3CO,acetyl     g 1/00  C2H4           
  g 8/88  C2H4O,ethylen-o  g 8/88  CH3CHO,ethanal   g 6/00  CH3COOH        
  srd 01  OHCH2COOH        g 7/00  C2H5             g 7/00  C2H6           
  g 8/88  CH3N2CH3         g 8/88  C2H5OH           g 7/00  CH3OCH3        
  srd 01  CH3O2CH3         g 7/00  CCN              tpis91  CNC            
  srd 01  OCCN             tpis79  C2N2             g 8/00  C2O            
  tpis79  *C3              n 4/98  C3H3,1-propynl   n 4/98  C3H3,2-propynl 
  g 2/00  C3H4,allene      g 1/00  C3H4,propyne     g 5/90  C3H4,cyclo-    
  g 3/01  C3H5,allyl       g 2/00  C3H6,propylene   g 1/00  C3H6,cyclo-    
  g 6/01  C3H6O,propylox   g 6/97  C3H6O,acetone    g 1/02  C3H6O,propanal 
  g 7/01  C3H7,n-propyl    g 9/85  C3H7,i-propyl    g 2/00  C3H8           
  g 2/00  C3H8O,1propanol  g 2/00  C3H8O,2propanol  srd 01  CNCOCN         
  g 7/88  C3O2             g tpis  *C4              g 7/01  C4H2,butadiyne 
  g 8/00  C4H4,1,3-cyclo-  n10/92  C4H6,butadiene   n10/93  C4H6,1butyne   
  n10/93  C4H6,2butyne     g 8/00  C4H6,cyclo-      n 4/88  C4H8,1-butene  
  n 4/88  C4H8,cis2-buten  n 4/88  C4H8,tr2-butene  n 4/88  C4H8,isobutene 
  g 8/00  C4H8,cyclo-      g10/00  (CH3COOH)2       n10/84  C4H9,n-butyl   
  n10/84  C4H9,i-butyl     g 1/93  C4H9,s-butyl     g 1/93  C4H9,t-butyl   
  g12/00  C4H10,n-butane   g 8/00  C4H10,isobutane  g 6/01  C4N2           
  g 8/00  *C5              g 5/90  C5H6,1,3cyclo-   g 1/93  C5H8,cyclo-    
  n 4/87  C5H10,1-pentene  g 2/01  C5H10,cyclo-     n10/84  C5H11,pentyl   
  g 1/93  C5H11,t-pentyl   n10/85  C5H12,n-pentane  n10/85  C5H12,i-pentane
  n10/85  CH3C(CH3)2CH3    g 2/93  C6H2             g11/00  C6H5,phenyl    
  g 8/00  C6H5O,phenoxy    g 8/00  C6H6             g 8/00  C6H5OH,phenol  
  g 1/93  C6H10,cyclo-     n 4/87  C6H12,1-hexene   g 6/90  C6H12,cyclo-   
  n10/83  C6H13,n-hexyl    g 6/01  C6H14,n-hexane   g 7/01  C7H7,benzyl    
  g 1/93  C7H8             g12/00  C7H8O,cresol-mx  n 4/87  C7H14,1-heptene
  n10/83  C7H15,n-heptyl   n10/85  C7H16,n-heptane  n10/85  C7H16,2-methylh
  n 4/89  C8H8,styrene     n10/86  C8H10,ethylbenz  n 4/87  C8H16,1-octene 
  n10/83  C8H17,n-octyl    n 4/85  C8H18,n-octane   n 4/85  C8H18,isooctane
  n10/83  C9H19,n-nonyl    g 3/01  C10H8,naphthale  n10/83  C10H21,n-decyl 
  g 8/00  C12H9,o-bipheny  g 8/00  C12H10,biphenyl  g 6/97  *H             
  tpis96  HALO             tpis96  HALO2            g 6/01  HCN            
  g 1/01  HCO              tpis89  HCCN             g 6/01  HCCO           
  g 6/01  HNC              g 7/00  HNCO             g10/01  HNO            
  tpis89  HNO2             g 5/99  HNO3             g 4/02  HO2            
  tpis78  *H2              g 5/01  HCHO,formaldehy  g 6/01  HCOOH          
  g 8/89  H2O              g 6/99  H2O2             g 6/01  (HCOOH)2       
  g 7/97  *K               j 3/66  KCN              tpis82  KH             
  tpis82  KNO2             tpis82  KNO3             tpis82  KO             
  g 9/97  KOH              tpis82  K2               tpis82  K2CO3          
  j 3/66  K2C2N2           tpis82  K2O              tpis82  K2O2           
  g 9/97  K2O2H2           g 5/97  *N               g 6/01  NCO            
  g 4/99  *NH              g 3/01  NH2              tpis89  NH3            
  tpis89  NH2OH            tpis89  *NO              g 4/99  NO2            
  j12/64  NO3              tpis78  *N2              g 6/01  NCN            
  g 5/99  N2H2             tpis89  NH2NO2           g 4/99  N2H4           
  g 4/99  N2O              g 4/99  N2O3             tpis89  N2O4           
  g 4/99  N2O5             tpis89  N3               g 4/99  N3H            
  g 5/97  *O               g 4/02  *OH              tpis89  *O2            
  g 8/01  O3               coda89  AL(cr)           coda89  AL(L)          
  tpis96  ALH3(a)          tpis96  ALN(cr)          tpis96  ALN(cr)        
  tpis96  ALN(L)           tpis96  ALN(L)           tpis96  AL(OH)3(a)     
  tpis96  AL2O3(a)         tpis96  AL2O3(a)         tpis96  AL2O3(a)       
  tpis96  AL2O3(L)         tpis96  AL4C3(cr)        tpis96  AL4C3(cr)      
  n 4/83  C(gr)            n 4/83  C(gr)            n 4/83  C(gr)          
  g11/99  H2O(cr)          g 8/01  H2O(L)           g 8/01  H2O(L)         
  coda89  K(cr)            coda89  K(L)             tpis82  KALO2(II)      
  tpis82  KALO2(II)        tpis82  KALO2(I)         tpis82  KALO2(L)       
  j 3/66  KCN(II)          j 3/66  KCN(II)          j 3/66  KCN(L)         
  tpis82  KH(cr)           tpis82  KH(L)            tpis82  KNO2(II)       
  tpis82  KNO2(I)          tpis82  KNO2(L)          tpis82  KNO3(a)        
  tpis82  KNO3(b)          tpis82  KNO3(L)          g 8/97  KOH(a)         
  g 8/97  KOH(b)           g 8/97  KOH(c)           g 8/97  KOH(L)         
  tpis82  KO2(b)           tpis82  KO2(a)           tpis82  KO2(L)         
  tpis82  K2CO3(a)         tpis82  K2CO3(b)         tpis82  K2CO3(L)       
  tpis82  K2O(c)           tpis82  K2O(b)           tpis82  K2O(a)         
  tpis82  K2O(L)           tpis82  K2O2(cr)         tpis82  K2O2(L)        

 O/F =   1.127660

                       EFFECTIVE FUEL     EFFECTIVE OXIDANT        MIXTURE
 ENTHALPY                  h(2)/R              h(1)/R               h0/R
 (KG-MOL)(K)/KG       -0.60818526E+03     -0.58837275E+03     -0.59768463E+03

 KG-FORM.WT./KG             bi(2)               bi(1)               b0i
  *AL                  0.11828419E-01      0.00000000E+00      0.55593569E-02
  *C                   0.22424477E-01      0.00000000E+00      0.10539504E-01
  *H                   0.52323779E-01      0.00000000E+00      0.24592176E-01
  *O                   0.22424477E-01      0.29672651E-01      0.26266009E-01
  *K                   0.00000000E+00      0.98908838E-02      0.52421684E-02
  *N                   0.00000000E+00      0.98908838E-02      0.52421684E-02

 POINT ITN      T            AL          C           H           O 
                    K           N 
   1   23    1527.710      -9.897      -2.791      -8.343     -29.863
                 -13.338     -12.442
 ADD  AL2O3(a)       
   1    8    2090.415     -24.206      -8.534      -8.528     -22.854
                 -15.834     -12.789
 ADD  KALO2(L)       
   1    4    2334.959     -22.069      -9.609      -8.610     -21.395
                 -18.470     -12.927
 ADD  AL2O3(L)       
   1    3    2327.000     -22.135      -9.577      -8.603     -21.434
                 -18.470     -12.921
 Pinf/Pt = 1.640826
   2    3    2193.717     -23.330      -9.519      -8.751     -22.132
                 -18.484     -13.066
 Pinf/Pt = 1.740127
   2    2    2177.524     -23.487      -9.506      -8.768     -22.223
                 -18.487     -13.083
 Pinf/Pt = 1.737665
   2    2    2177.912     -23.483      -9.506      -8.768     -22.221
                 -18.487     -13.082
   3    5    1439.975     -34.759      -8.069      -9.770     -28.838
                 -19.297     -14.084
 PHASE CHANGE, REPLACE  KALO2(L)       WITH  KALO2(I)       
   3    3    1619.390     -31.014      -9.614      -9.955     -26.616
                 -20.041     -14.266





              THEORETICAL ROCKET PERFORMANCE ASSUMING EQUILIBRIUM

           COMPOSITION DURING EXPANSION FROM INFINITE AREA COMBUSTOR

 Pin =   725.2 PSIA
 CASE =                

             REACTANT                    WT FRACTION      ENERGY      TEMP
                                          (SEE NOTE)     KJ/KG-MOL      K  
 FUEL        AL(cr)                       0.3191489        -3.630    298.000
 FUEL        Sorbitol                     0.6808511  -1353000.000    298.000
 OXIDANT     KNO3                         1.0000000   -494600.000    298.000

 O/F=    1.12766  %FUEL= 47.000000  R,EQ.RATIO= 1.687931  PHI,EQ.RATIO= 2.378758

                 CHAMBER   THROAT     EXIT
 Pinf/P            1.0000   1.7377   50.000
 P, BAR            50.000   28.774   1.0000
 T, K             2327.00  2177.91  1619.39
 RHO, KG/CU M    9.9824 0 6.1339 0 2.8929-1
 H, KJ/KG        -4969.45 -5237.84 -6614.03
 U, KJ/KG        -5470.34 -5706.93 -6959.71
 G, KJ/KG        -22503.8 -21648.8 -18816.4
 S, KJ/(KG)(K)     7.5352   7.5352   7.5352

 M, (1/n)          38.628   38.602   38.951
 MW, MOL WT        32.279   32.274   32.331
 (dLV/dLP)t      -1.01293 -1.01357 -1.00708
 (dLV/dLT)p        0.0000   1.1073   1.1335
 Cp, KJ/(KG)(K)    0.0000   1.8916   2.1770
 GAMMAs            0.9872   1.1442   1.1349
 SON VEL,M/SEC      703.2    732.6    626.4
 MACH NUMBER        0.000    1.000    2.895

 PERFORMANCE PARAMETERS

 Ae/At                      1.0000   8.5657
 CSTAR, M/SEC               1112.6   1112.6
 CF                         0.6585   1.6301
 Ivac, M/SEC                1372.9   2004.2
 Isp, M/SEC                  732.6   1813.6


 MASS FRACTIONS

 ALOH             0.00001  0.00000  0.00000
 AL(OH)3          0.00003  0.00001  0.00000
 *CO              0.27252  0.27103  0.26078
 *CO2             0.03560  0.03796  0.05410
 *H               0.00002  0.00001  0.00000
 HCN              0.00001  0.00001  0.00000
 *H2              0.01654  0.01665  0.01751
 H2O              0.06988  0.06901  0.06375
 *K               0.00885  0.00957  0.00568
 KCN              0.00004  0.00003  0.00000
 KH               0.00018  0.00013  0.00001
 KOH              0.02155  0.02200  0.00799
 K2               0.00001  0.00001  0.00000
 K2O2H2           0.00010  0.00010  0.00001
 NH3              0.00002  0.00001  0.00000
 *N2              0.07340  0.07341  0.07342
 *OH              0.00003  0.00002  0.00000
 AL2O3(a)         0.03399  0.04893  0.03085
 AL2O3(L)         0.01365  0.00000  0.00000
 KALO2(I)         0.00000  0.00000  0.48590
 KALO2(L)         0.45355  0.45110  0.00000

  * THERMODYNAMIC PROPERTIES FITTED TO 20000.K

    PRODUCTS WHICH WERE CONSIDERED BUT WHOSE MASS FRACTIONS
    WERE LESS THAN 5.000000E-06 FOR ALL ASSIGNED CONDITIONS

 *AL             ALC             ALC2            ALH             ALH2           
 ALH3            ALN             *ALO            ALO2            AL(OH)2        
 AL2             AL2C2           AL2O            AL2O2           AL2O3          
 *C              *CH             CH2             CH3             CH2OH          
 CH3O            CH4             CH3OH           CH3OOH          *CN            
 CNN             COOH            *C2             C2H             C2H2,acetylene 
 C2H2,vinylidene CH2CO,ketene    O(CH)2O         HO(CO)2OH       C2H3,vinyl     
 CH3CN           CH3CO,acetyl    C2H4            C2H4O,ethylen-o CH3CHO,ethanal 
 CH3COOH         OHCH2COOH       C2H5            C2H6            CH3N2CH3       
 C2H5OH          CH3OCH3         CH3O2CH3        CCN             CNC            
 OCCN            C2N2            C2O             *C3             C3H3,1-propynl 
 C3H3,2-propynl  C3H4,allene     C3H4,propyne    C3H4,cyclo-     C3H5,allyl     
 C3H6,propylene  C3H6,cyclo-     C3H6O,propylox  C3H6O,acetone   C3H6O,propanal 
 C3H7,n-propyl   C3H7,i-propyl   C3H8            C3H8O,1propanol C3H8O,2propanol
 CNCOCN          C3O2            *C4             C4H2,butadiyne  C4H4,1,3-cyclo-
 C4H6,butadiene  C4H6,1butyne    C4H6,2butyne    C4H6,cyclo-     C4H8,1-butene  
 C4H8,cis2-buten C4H8,tr2-butene C4H8,isobutene  C4H8,cyclo-     (CH3COOH)2     
 C4H9,n-butyl    C4H9,i-butyl    C4H9,s-butyl    C4H9,t-butyl    C4H10,n-butane 
 C4H10,isobutane C4N2            *C5             C5H6,1,3cyclo-  C5H8,cyclo-    
 C5H10,1-pentene C5H10,cyclo-    C5H11,pentyl    C5H11,t-pentyl  C5H12,n-pentane
 C5H12,i-pentane CH3C(CH3)2CH3   C6H2            C6H5,phenyl     C6H5O,phenoxy  
 C6H6            C6H5OH,phenol   C6H10,cyclo-    C6H12,1-hexene  C6H12,cyclo-   
 C6H13,n-hexyl   C6H14,n-hexane  C7H7,benzyl     C7H8            C7H8O,cresol-mx
 C7H14,1-heptene C7H15,n-heptyl  C7H16,n-heptane C7H16,2-methylh C8H8,styrene   
 C8H10,ethylbenz C8H16,1-octene  C8H17,n-octyl   C8H18,n-octane  C8H18,isooctane
 C9H19,n-nonyl   C10H8,naphthale C10H21,n-decyl  C12H9,o-bipheny C12H10,biphenyl
 HALO            HALO2           HCO             HCCN            HCCO           
 HNC             HNCO            HNO             HNO2            HNO3           
 HO2             HCHO,formaldehy HCOOH           H2O2            (HCOOH)2       
 KNO2            KNO3            KO              K2CO3           K2C2N2         
 K2O             K2O2            *N              NCO             *NH            
 NH2             NH2OH           *NO             NO2             NO3            
 NCN             N2H2            NH2NO2          N2H4            N2O            
 N2O3            N2O4            N2O5            N3              N3H            
 *O              *O2             O3              AL(cr)          AL(L)          
 ALH3(a)         ALN(cr)         ALN(L)          AL(OH)3(a)      AL4C3(cr)      
 C(gr)           H2O(cr)         H2O(L)          K(cr)           K(L)           
 KALO2(II)       KCN(II)         KCN(L)          KH(cr)          KH(L)          
 KNO2(II)        KNO2(I)         KNO2(L)         KNO3(a)         KNO3(b)        
 KNO3(L)         KOH(a)          KOH(b)          KOH(c)          KOH(L)         
 KO2(b)          KO2(a)          KO2(L)          K2CO3(a)        K2CO3(b)       
 K2CO3(L)        K2O(c)          K2O(b)          K2O(a)          K2O(L)         
 K2O2(cr)        K2O2(L)        

 NOTE. WEIGHT FRACTION OF FUEL IN TOTAL FUELS AND OF OXIDANT IN TOTAL OXIDANTS





           THEORETICAL ROCKET PERFORMANCE ASSUMING FROZEN COMPOSITION

 Pin =   725.2 PSIA
 CASE =                

             REACTANT                    WT FRACTION      ENERGY      TEMP
                                          (SEE NOTE)     KJ/KG-MOL      K  
 FUEL        AL(cr)                       0.3191489        -3.630    298.000
 FUEL        Sorbitol                     0.6808511  -1353000.000    298.000
 OXIDANT     KNO3                         1.0000000   -494600.000    298.000

 O/F=    1.12766  %FUEL= 47.000000  R,EQ.RATIO= 1.687931  PHI,EQ.RATIO= 2.378758

                 CHAMBER   THROAT
 Pinf/P            1.0000
 P, BAR            50.000
 T, K             2327.00
 RHO, KG/CU M    9.9824 0
 H, KJ/KG        -4969.45
 U, KJ/KG        -5470.34
 G, KJ/KG        -22503.8
 S, KJ/(KG)(K)     7.5352

 M, (1/n)          38.628
 MW, MOL WT        32.279
 Cp, KJ/(KG)(K)    1.6986
 GAMMAs            1.1451
 SON VEL,M/SEC      757.3
 MACH NUMBER        0.000

 PERFORMANCE PARAMETERS

 Ae/At          
 CSTAR, M/SEC   
 CF             
 Ivac, M/SEC    
 Isp, M/SEC     

 MASS FRACTIONS

 ALOH            0.00001   AL(OH)3         0.00003   *CO             0.27252
 *CO2            0.03560   *H              0.00002   HCN             0.00001
 *H2             0.01654   H2O             0.06988   *K              0.00885
 KCN             0.00004   KH              0.00018   KOH             0.02155
 K2              0.00001   K2O2H2          0.00010   NH3             0.00002
 *N2             0.07340   *OH             0.00003   AL2O3(a)        0.03399
 AL2O3(L)        0.01365   KALO2(L)        0.45355

  * THERMODYNAMIC PROPERTIES FITTED TO 20000.K

    PRODUCTS WHICH WERE CONSIDERED BUT WHOSE MASS FRACTIONS
    WERE LESS THAN 5.000000E-06 FOR ALL ASSIGNED CONDITIONS

 *AL             ALC             ALC2            ALH             ALH2           
 ALH3            ALN             *ALO            ALO2            AL(OH)2        
 AL2             AL2C2           AL2O            AL2O2           AL2O3          
 *C              *CH             CH2             CH3             CH2OH          
 CH3O            CH4             CH3OH           CH3OOH          *CN            
 CNN             COOH            *C2             C2H             C2H2,acetylene 
 C2H2,vinylidene CH2CO,ketene    O(CH)2O         HO(CO)2OH       C2H3,vinyl     
 CH3CN           CH3CO,acetyl    C2H4            C2H4O,ethylen-o CH3CHO,ethanal 
 CH3COOH         OHCH2COOH       C2H5            C2H6            CH3N2CH3       
 C2H5OH          CH3OCH3         CH3O2CH3        CCN             CNC            
 OCCN            C2N2            C2O             *C3             C3H3,1-propynl 
 C3H3,2-propynl  C3H4,allene     C3H4,propyne    C3H4,cyclo-     C3H5,allyl     
 C3H6,propylene  C3H6,cyclo-     C3H6O,propylox  C3H6O,acetone   C3H6O,propanal 
 C3H7,n-propyl   C3H7,i-propyl   C3H8            C3H8O,1propanol C3H8O,2propanol
 CNCOCN          C3O2            *C4             C4H2,butadiyne  C4H4,1,3-cyclo-
 C4H6,butadiene  C4H6,1butyne    C4H6,2butyne    C4H6,cyclo-     C4H8,1-butene  
 C4H8,cis2-buten C4H8,tr2-butene C4H8,isobutene  C4H8,cyclo-     (CH3COOH)2     
 C4H9,n-butyl    C4H9,i-butyl    C4H9,s-butyl    C4H9,t-butyl    C4H10,n-butane 
 C4H10,isobutane C4N2            *C5             C5H6,1,3cyclo-  C5H8,cyclo-    
 C5H10,1-pentene C5H10,cyclo-    C5H11,pentyl    C5H11,t-pentyl  C5H12,n-pentane
 C5H12,i-pentane CH3C(CH3)2CH3   C6H2            C6H5,phenyl     C6H5O,phenoxy  
 C6H6            C6H5OH,phenol   C6H10,cyclo-    C6H12,1-hexene  C6H12,cyclo-   
 C6H13,n-hexyl   C6H14,n-hexane  C7H7,benzyl     C7H8            C7H8O,cresol-mx
 C7H14,1-heptene C7H15,n-heptyl  C7H16,n-heptane C7H16,2-methylh C8H8,styrene   
 C8H10,ethylbenz C8H16,1-octene  C8H17,n-octyl   C8H18,n-octane  C8H18,isooctane
 C9H19,n-nonyl   C10H8,naphthale C10H21,n-decyl  C12H9,o-bipheny C12H10,biphenyl
 HALO            HALO2           HCO             HCCN            HCCO           
 HNC             HNCO            HNO             HNO2            HNO3           
 HO2             HCHO,formaldehy HCOOH           H2O2            (HCOOH)2       
 KNO2            KNO3            KO              K2CO3           K2C2N2         
 K2O             K2O2            *N              NCO             *NH            
 NH2             NH2OH           *NO             NO2             NO3            
 NCN             N2H2            NH2NO2          N2H4            N2O            
 N2O3            N2O4            N2O5            N3              N3H            
 *O              *O2             O3              AL(cr)          AL(L)          
 ALH3(a)         ALN(cr)         ALN(L)          AL(OH)3(a)      AL4C3(cr)      
 C(gr)           H2O(cr)         H2O(L)          K(cr)           K(L)           
 KALO2(II)       KCN(II)         KCN(L)          KH(cr)          KH(L)          
 KNO2(II)        KNO2(I)         KNO2(L)         KNO3(a)         KNO3(b)        
 KNO3(L)         KOH(a)          KOH(b)          KOH(c)          KOH(L)         
 KO2(b)          KO2(a)          KO2(L)          K2CO3(a)        K2CO3(b)       
 K2CO3(L)        K2O(c)          K2O(b)          K2O(a)          K2O(L)         
 K2O2(cr)        K2O2(L)        

 NOTE. WEIGHT FRACTION OF FUEL IN TOTAL FUELS AND OF OXIDANT IN TOTAL OXIDANTS

 WARNING!!  CALCULATIONS WERE STOPPED BECAUSE NEXT POINT IS MORE
 THAN 50 K BELOW THE TEMPERATURE RANGE OF A CONDENSED SPECIES (ROCKET)



