
 *******************************************************************************

         NASA-GLENN CHEMICAL EQUILIBRIUM PROGRAM CEA2, MAY 21, 2004
                   BY  BONNIE MCBRIDE AND SANFORD GORDON
      REFS: NASA RP-1311, PART I, 1994 AND NASA RP-1311, PART II, 1996

 *******************************************************************************



 problem
     rocket  equilibrium  tcest,k=3800
   p,bar=100,
   pi/p=100,
 react
   fuel=HTPB  wt=0.14  t,k=300
     h,kj/mol=-51.9  C 10 H 15.4 O 0.07
   oxid=HNF  wt=0.7  t,k=300
     h,kj/mol=-73.048  N 5 H 5 C 1 O 6
   fuel=Mg  wt=0.16  t,k=300
     h,kj/mol=-20  MG 1
 output
      siunits
     plot p
 end

 OPTIONS: TP=F  HP=F  SP=F  TV=F  UV=F  SV=F  DETN=F  SHOCK=F  REFL=F  INCD=F
 RKT=T  FROZ=F  EQL=T  IONS=F  SIUNIT=T  DEBUGF=F  SHKDBG=F  DETDBG=F  TRNSPT=F

 TRACE= 0.00E+00  S/R= 0.000000E+00  H/R= 0.000000E+00  U/R= 0.000000E+00

 Pc,BAR =   100.000000

 Pc/P =   100.0000

 SUBSONIC AREA RATIOS =

 SUPERSONIC AREA RATIOS =

 NFZ=  1  Mdot/Ac= 0.000000E+00  Ac/At= 0.000000E+00

    REACTANT          WT.FRAC   (ENERGY/R),K   TEMP,K  DENSITY
        EXPLODED FORMULA
 F: HTPB             0.466667  -0.624210E+04   300.00  0.0000
          C 10.00000  H 15.40000  O  0.07000
 O: HNF              1.000000  -0.878560E+04   300.00  0.0000
          N  5.00000  H  5.00000  C  1.00000  O  6.00000
 F: Mg               0.533333  -0.240543E+04   300.00  0.0000
          MG 1.00000

  SPECIES BEING CONSIDERED IN THIS SYSTEM
 (CONDENSED PHASE MAY HAVE NAME LISTED SEVERAL TIMES)
  LAST thermo.inp UPDATE:    9/09/04

  g 7/97  *C               tpis79  *CH              g 4/02  CH2            
  g 4/02  CH3              g11/00  CH2OH            g 7/00  CH3O           
  g 8/99  CH4              g 7/00  CH3OH            srd 01  CH3OOH         
  g 8/99  *CN              g12/99  CNN              tpis79  *CO            
  g 9/99  *CO2             tpis91  COOH             tpis91  *C2            
  g 6/01  C2H              g 1/91  C2H2,acetylene   g 5/01  C2H2,vinylidene
  g 4/02  CH2CO,ketene     g 3/02  O(CH)2O          srd 01  HO(CO)2OH      
  g 7/01  C2H3,vinyl       g 9/00  CH3CN            g 6/96  CH3CO,acetyl   
  g 1/00  C2H4             g 8/88  C2H4O,ethylen-o  g 8/88  CH3CHO,ethanal 
  g 6/00  CH3COOH          srd 01  OHCH2COOH        g 7/00  C2H5           
  g 7/00  C2H6             g 8/88  CH3N2CH3         g 8/88  C2H5OH         
  g 7/00  CH3OCH3          srd 01  CH3O2CH3         g 7/00  CCN            
  tpis91  CNC              srd 01  OCCN             tpis79  C2N2           
  g 8/00  C2O              tpis79  *C3              n 4/98  C3H3,1-propynl 
  n 4/98  C3H3,2-propynl   g 2/00  C3H4,allene      g 1/00  C3H4,propyne   
  g 5/90  C3H4,cyclo-      g 3/01  C3H5,allyl       g 2/00  C3H6,propylene 
  g 1/00  C3H6,cyclo-      g 6/01  C3H6O,propylox   g 6/97  C3H6O,acetone  
  g 1/02  C3H6O,propanal   g 7/01  C3H7,n-propyl    g 9/85  C3H7,i-propyl  
  g 2/00  C3H8             g 2/00  C3H8O,1propanol  g 2/00  C3H8O,2propanol
  srd 01  CNCOCN           g 7/88  C3O2             g tpis  *C4            
  g 7/01  C4H2,butadiyne   g 8/00  C4H4,1,3-cyclo-  n10/92  C4H6,butadiene 
  n10/93  C4H6,1butyne     n10/93  C4H6,2butyne     g 8/00  C4H6,cyclo-    
  n 4/88  C4H8,1-butene    n 4/88  C4H8,cis2-buten  n 4/88  C4H8,tr2-butene
  n 4/88  C4H8,isobutene   g 8/00  C4H8,cyclo-      g10/00  (CH3COOH)2     
  n10/84  C4H9,n-butyl     n10/84  C4H9,i-butyl     g 1/93  C4H9,s-butyl   
  g 1/93  C4H9,t-butyl     g12/00  C4H10,n-butane   g 8/00  C4H10,isobutane
  g 6/01  C4N2             g 8/00  *C5              g 5/90  C5H6,1,3cyclo- 
  g 1/93  C5H8,cyclo-      n 4/87  C5H10,1-pentene  g 2/01  C5H10,cyclo-   
  n10/84  C5H11,pentyl     g 1/93  C5H11,t-pentyl   n10/85  C5H12,n-pentane
  n10/85  C5H12,i-pentane  n10/85  CH3C(CH3)2CH3    g 2/93  C6H2           
  g11/00  C6H5,phenyl      g 8/00  C6H5O,phenoxy    g 8/00  C6H6           
  g 8/00  C6H5OH,phenol    g 1/93  C6H10,cyclo-     n 4/87  C6H12,1-hexene 
  g 6/90  C6H12,cyclo-     n10/83  C6H13,n-hexyl    g 6/01  C6H14,n-hexane 
  g 7/01  C7H7,benzyl      g 1/93  C7H8             g12/00  C7H8O,cresol-mx
  n 4/87  C7H14,1-heptene  n10/83  C7H15,n-heptyl   n10/85  C7H16,n-heptane
  n10/85  C7H16,2-methylh  n 4/89  C8H8,styrene     n10/86  C8H10,ethylbenz
  n 4/87  C8H16,1-octene   n10/83  C8H17,n-octyl    n 4/85  C8H18,n-octane 
  n 4/85  C8H18,isooctane  n10/83  C9H19,n-nonyl    g 3/01  C10H8,naphthale
  n10/83  C10H21,n-decyl   g 8/00  C12H9,o-bipheny  g 8/00  C12H10,biphenyl
  g 6/97  *H               g 6/01  HCN              g 1/01  HCO            
  tpis89  HCCN             g 6/01  HCCO             g 6/01  HNC            
  g 7/00  HNCO             g10/01  HNO              tpis89  HNO2           
  g 5/99  HNO3             g 4/02  HO2              tpis78  *H2            
  g 5/01  HCHO,formaldehy  g 6/01  HCOOH            g 8/89  H2O            
  g 6/99  H2O2             g 6/01  (HCOOH)2         g 6/97  *Mg            
  tpis96  MgH              j 3/64  MgN              tpis96  *MgO           
  tpis96  MgOH             tpis96  Mg(OH)2          tpis96  Mg2            
  g 5/97  *N               g 6/01  NCO              g 4/99  *NH            
  g 3/01  NH2              tpis89  NH3              tpis89  NH2OH          
  tpis89  *NO              g 4/99  NO2              j12/64  NO3            
  tpis78  *N2              g 6/01  NCN              g 5/99  N2H2           
  tpis89  NH2NO2           g 4/99  N2H4             g 4/99  N2O            
  g 4/99  N2O3             tpis89  N2O4             g 4/99  N2O5           
  tpis89  N3               g 4/99  N3H              g 5/97  *O             
  g 4/02  *OH              tpis89  *O2              g 8/01  O3             
  n 4/83  C(gr)            n 4/83  C(gr)            n 4/83  C(gr)          
  g11/99  H2O(cr)          g 8/01  H2O(L)           g 8/01  H2O(L)         
  srd 93  Mg(cr)           srd 93  Mg(cr)           srd 93  Mg(L)          
  tpis96  MgCO3(cr)        tpis96  MgCO3(cr)        tpis96  MgCO3(L)       
  tpis96  MgH2(b)          tpis96  MgH2(L)          tpis96  MgO(cr)        
  tpis96  MgO(cr)          tpis96  MgO(L)           tpis96  Mg(OH)2(cr)    
  tpis96  Mg(OH)2(cr)      tpis96  Mg(OH)2(L)       tpis96  Mg3N2(cr)      

 O/F =   2.333333

                       EFFECTIVE FUEL     EFFECTIVE OXIDANT        MIXTURE
 ENTHALPY                  h(2)/R              h(1)/R               h0/R
 (KG-MOL)(K)/KG       -0.74084905E+02     -0.47987713E+02     -0.55816871E+02

 KG-FORM.WT./KG             bi(2)               bi(1)               b0i
  *C                   0.34125724E-01      0.54620841E-02      0.14061176E-01
  *H                   0.52553616E-01      0.27310421E-01      0.34883379E-01
  *O                   0.23888007E-03      0.32772505E-01      0.23012417E-01
  *N                   0.00000000E+00      0.27310421E-01      0.19117294E-01
  *Mg                  0.21943359E-01      0.00000000E+00      0.65830076E-02

 POINT ITN      T            C           H           O           N 
                    MG
   1   20    2110.544      -7.000      -8.165     -23.759     -12.026
                 -10.346
 ADD  MgO(cr)        
   1    7    3118.436     -10.485      -8.731     -19.603     -12.704
                 -15.187
 ADD  MgO(L)         
   1    3    3100.000     -10.416      -8.716     -19.672     -12.692
                 -15.221
 Pinf/Pt = 1.637415
   2    4    2954.033     -10.469      -8.865     -20.135     -12.845
                 -15.629
 Pinf/Pt = 1.744874
   2    3    2932.627     -10.464      -8.882     -20.208     -12.863
                 -15.692
 Pinf/Pt = 1.742727
   2    2    2933.042     -10.464      -8.882     -20.207     -12.863
                 -15.691
   3    5    1515.550      -7.630      -9.797     -29.052     -13.751
                 -26.439





              THEORETICAL ROCKET PERFORMANCE ASSUMING EQUILIBRIUM

           COMPOSITION DURING EXPANSION FROM INFINITE AREA COMBUSTOR

 Pin =  1450.4 PSIA
 CASE =                

             REACTANT                    WT FRACTION      ENERGY      TEMP
                                          (SEE NOTE)     KJ/KG-MOL      K  
 FUEL        HTPB                         0.4666667    -51900.000    300.000
 OXIDANT     HNF                          1.0000000    -73048.000    300.000
 FUEL        Mg                           0.5333333    -20000.000    300.000

 O/F=    2.33333  %FUEL= 30.000000  R,EQ.RATIO= 2.266040  PHI,EQ.RATIO= 6.079978

                 CHAMBER   THROAT     EXIT
 Pinf/P            1.0000   1.7427   100.00
 P, BAR            100.00   57.381   1.0000
 T, K             3100.00  2933.04  1515.55
 RHO, KG/CU M    9.2059 0 5.6265 0 1.9327-1
 H, KJ/KG         -464.09 -1051.12 -4114.08
 U, KJ/KG        -1550.35 -2070.97 -4631.50
 G, KJ/KG        -32117.0 -30999.3 -19588.8
 S, KJ/(KG)(K)    10.2106  10.2106  10.2106

 M, (1/n)          23.728   23.912   24.354
 MW, MOL WT        20.923   20.921   20.989
 (dLV/dLP)t      -1.01862 -1.01351 -1.00002
 (dLV/dLT)p        0.0000   1.2596   1.0002
 Cp, KJ/(KG)(K)    0.0000   3.8089   1.8072
 GAMMAs            0.9817   1.1512   1.2330
 SON VEL,M/SEC     1032.7   1083.5    798.7
 MACH NUMBER        0.000    1.000    3.383

 PERFORMANCE PARAMETERS

 Ae/At                      1.0000   11.675
 CSTAR, M/SEC               1640.3   1640.3
 CF                         0.6606   1.6472
 Ivac, M/SEC                2024.8   2893.4
 Isp, M/SEC                 1083.5   2701.8


 MOLE FRACTIONS

 *CO              0.28705  0.28735  0.28294
 *CO2             0.00702  0.00674  0.01218
 *H               0.01096  0.00876  0.00001
 HCN              0.00008  0.00005  0.00000
 HCO              0.00002  0.00001  0.00000
 HNC              0.00002  0.00001  0.00000
 *H2              0.30048  0.30664  0.32854
 H2O              0.05582  0.05221  0.03753
 *Mg              0.01521  0.01048  0.00000
 MgH              0.00021  0.00009  0.00000
 MgN              0.00003  0.00001  0.00000
 *MgO             0.00047  0.00021  0.00000
 MgOH             0.00221  0.00113  0.00000
 Mg(OH)2          0.00139  0.00069  0.00000
 NH2              0.00001  0.00000  0.00000
 NH3              0.00005  0.00004  0.00001
 *NO              0.00006  0.00004  0.00000
 *N2              0.19987  0.19990  0.20062
 *O               0.00002  0.00001  0.00000
 *OH              0.00079  0.00051  0.00000
 MgO(cr)          0.09604  0.12510  0.13817
 MgO(L)           0.02218  0.00000  0.00000

  * THERMODYNAMIC PROPERTIES FITTED TO 20000.K

    PRODUCTS WHICH WERE CONSIDERED BUT WHOSE MOLE FRACTIONS
    WERE LESS THAN 5.000000E-06 FOR ALL ASSIGNED CONDITIONS

 *C              *CH             CH2             CH3             CH2OH          
 CH3O            CH4             CH3OH           CH3OOH          *CN            
 CNN             COOH            *C2             C2H             C2H2,acetylene 
 C2H2,vinylidene CH2CO,ketene    O(CH)2O         HO(CO)2OH       C2H3,vinyl     
 CH3CN           CH3CO,acetyl    C2H4            C2H4O,ethylen-o CH3CHO,ethanal 
 CH3COOH         OHCH2COOH       C2H5            C2H6            CH3N2CH3       
 C2H5OH          CH3OCH3         CH3O2CH3        CCN             CNC            
 OCCN            C2N2            C2O             *C3             C3H3,1-propynl 
 C3H3,2-propynl  C3H4,allene     C3H4,propyne    C3H4,cyclo-     C3H5,allyl     
 C3H6,propylene  C3H6,cyclo-     C3H6O,propylox  C3H6O,acetone   C3H6O,propanal 
 C3H7,n-propyl   C3H7,i-propyl   C3H8            C3H8O,1propanol C3H8O,2propanol
 CNCOCN          C3O2            *C4             C4H2,butadiyne  C4H4,1,3-cyclo-
 C4H6,butadiene  C4H6,1butyne    C4H6,2butyne    C4H6,cyclo-     C4H8,1-butene  
 C4H8,cis2-buten C4H8,tr2-butene C4H8,isobutene  C4H8,cyclo-     (CH3COOH)2     
 C4H9,n-butyl    C4H9,i-butyl    C4H9,s-butyl    C4H9,t-butyl    C4H10,n-butane 
 C4H10,isobutane C4N2            *C5             C5H6,1,3cyclo-  C5H8,cyclo-    
 C5H10,1-pentene C5H10,cyclo-    C5H11,pentyl    C5H11,t-pentyl  C5H12,n-pentane
 C5H12,i-pentane CH3C(CH3)2CH3   C6H2            C6H5,phenyl     C6H5O,phenoxy  
 C6H6            C6H5OH,phenol   C6H10,cyclo-    C6H12,1-hexene  C6H12,cyclo-   
 C6H13,n-hexyl   C6H14,n-hexane  C7H7,benzyl     C7H8            C7H8O,cresol-mx
 C7H14,1-heptene C7H15,n-heptyl  C7H16,n-heptane C7H16,2-methylh C8H8,styrene   
 C8H10,ethylbenz C8H16,1-octene  C8H17,n-octyl   C8H18,n-octane  C8H18,isooctane
 C9H19,n-nonyl   C10H8,naphthale C10H21,n-decyl  C12H9,o-bipheny C12H10,biphenyl
 HCCN            HCCO            HNCO            HNO             HNO2           
 HNO3            HO2             HCHO,formaldehy HCOOH           H2O2           
 (HCOOH)2        Mg2             *N              NCO             *NH            
 NH2OH           NO2             NO3             NCN             N2H2           
 NH2NO2          N2H4            N2O             N2O3            N2O4           
 N2O5            N3              N3H             *O2             O3             
 C(gr)           H2O(cr)         H2O(L)          Mg(cr)          Mg(L)          
 MgCO3(cr)       MgCO3(L)        MgH2(b)         MgH2(L)         Mg(OH)2(cr)    
 Mg(OH)2(L)      Mg3N2(cr)      

 NOTE. WEIGHT FRACTION OF FUEL IN TOTAL FUELS AND OF OXIDANT IN TOTAL OXIDANTS



